<?xml version="1.0" encoding="UTF-8" ?>
<testsuite tests="5" failures="0" name="MavenProject.TestMaven.AppTest" time="33.056" errors="0" skipped="0">
  <properties>
[...]
</properties>
  <testcase classname="MavenProject.TestMaven.AppTest" name="testAUDEuroConversion" time="8.311"/>
  <testcase classname="MavenProject.TestMaven.AppTest" name="testCADEuroConversion" time="6.205"/>
  <testcase classname="MavenProject.TestMaven.AppTest" name="testEuroPoundConversion" time="6.026"/>
  <testcase classname="MavenProject.TestMaven.AppTest" name="testINREuroConversion" time="6.316"/>
  <testcase classname="MavenProject.TestMaven.AppTest" name="testUSDEuroConversion" time="6.198"/>
</testsuite>